No CVEs found at https://ntware.atlassian.net/wiki/spaces/SA/pages/11609899191/NT-ware+Security+Advisories+Products+and+Services!
No CVEs found at https://community.progress.com/s/global-search/%40uri!
No CVEs found at https://github.com/CISecurity/OVALRepo/tree/master/repository/definitions/vulnerability!
No CVEs found at https://www.apache.org/security/projects.html!
No CVEs found at https://github.com/DrizzlingSun/Tenda/tree/main/AC18!
No CVEs found at https://groups.google.com/a/bytecodealliance.org/g/sec-announce!
No CVEs found at https://github.com/GSMcNamara/CVE/blob/main/disclosures/index.md!
No CVEs found at https://source.android.com/docs/security/bulletin!
No CVEs found at https://github.com/Mirantis/security/blob/main/advisories/advisories.md!
No CVEs found at https://access.redhat.com/security/security-updates/!
No CVEs found at https://github.com/Netflix/security-bulletins!
No CVEs found at https://www.arista.com/en/support/advisories-notices!
No CVEs found at https://github.com/PaddlePaddle/Paddle/tree/develop/security/advisory!
No CVEs found at https://anas.openanolis.cn/cves!
No CVEs found at https://anas.openanolis.cn/errata!
No CVEs found at https://github.com/advisories!
No CVEs found at https://github.com/advisories?query=type%3Aunreviewed!
No CVEs found at https://community.tableau.com/s/security-bulletins!
No CVEs found at http://support.zte.com.cn/support/news/NewsMain.aspx!
Crawler error when parsing https://bugs.gentoo.org/buglist.cgi?bug_status=__open__&component=Vulnerabilities&product=Gentoo%20Security --> java.lang.NullPointerException
No CVEs found at https://bugs.gentoo.org/buglist.cgi?bug_status=__open__&component=Vulnerabilities&product=Gentoo%20Security!
No CVEs found at https://community.ui.com/releases!
No CVEs found at https://www.asustor.com/security/security_advisory!
Crawler error when parsing https://bugs.gentoo.org/buglist.cgi?quicksearch=CVE --> java.lang.NullPointerException
No CVEs found at https://bugs.gentoo.org/buglist.cgi?quicksearch=CVE!
No CVEs found at https://github.com/aliasrobotics/RVD!
No CVEs found at https://github.com/aliasrobotics/RVD/issues?q=label%3Avulnerability+is%3Aclosed!
No CVEs found at https://github.com/aliasrobotics/RVD/labels/vulnerability!
No CVEs found at https://onapsis.com/blog!
No CVEs found at https://www.gov.il/en/departments/faq/cve_advisories!
No CVEs found at https://github.com/alibaba!
No CVEs found at https://github.com/bytecodealliance/wasmtime/security/advisories!
No CVEs found at https://community.snowsoftware.com/s/global-search/vulnerability!
No CVEs found at https://community.snowsoftware.com/s/knowledgebase!
No CVEs found at https://github.com/chunklhit/cve/tree/master/TRENDNet/TEW-820AP!
No CVEs found at https://github.com/craftcms/cms/security/advisories?state=published!
No CVEs found at https://www.bbraun.com/en/products-and-solutions/b--braun-product-security.html!
No CVEs found at https://corp.mediatek.com/product-security-bulletin!
No CVEs found at https://www.hitachi.com/hirt/security/security.html!
No CVEs found at https://github.com/eclipse-equinox!
No CVEs found at https://github.com/eclipse-jdt!
No CVEs found at https://srpopty.github.io/!
No CVEs found at https://jvn.jp/!
No CVEs found at https://github.com/eclipse-pde!
No CVEs found at https://jvn.jp/report/index.html!
No CVEs found at https://github.com/eclipse-platform!
No CVEs found at https://github.com/eclipse/jetty.project/security/advisories!
No CVEs found at https://patchstack.com/database!
No CVEs found at https://success.trendmicro.com/dcx/s/vulnerability-response?language=en_US!
No CVEs found at https://curl.se/docs/security.html!
No CVEs found at https://sec.cloudapps.cisco.com/security/center/publicationListing.x!
No CVEs found at https://www.boschsecurity.com/xc/en/support/product-security/security-advisories.html!
No CVEs found at http://www.vapidlabs.com/list.php!
Crawler error when parsing https://github.com/ochronasec/ochrona_python_vulnerabilities/tree/main/vulns --> java.lang.StringIndexOutOfBoundsException: begin 19123, end 19723, length 19489
No CVEs found at https://github.com/ochronasec/ochrona_python_vulnerabilities/tree/main/vulns!
No CVEs found at https://github.com/palantir/security-bulletins!
No CVEs found at https://github.com/spf13/viper/security/advisories!
No CVEs found at https://github.com/zowe/community/security/advisories!
No CVEs found at https://advisory.dualvs.com/!
No CVEs found at https://www.huawei.com/en/psirt/all-bulletins!
No CVEs found at https://support.apple.com/en-us/HT201222!
No CVEs found at https://sec.cloudapps.cisco.com/security/center/resources/security_vulnerability_policy.html!
No CVEs found at https://hackerone.com/cloudflare/hacktivity?type=team!
No CVEs found at https://support.avaya.com/support/en/helpcenter/GenericDetail/C2009223125237478059!
No CVEs found at https://developers.ibexa.co/security-advisories!
No CVEs found at https://hackerone.com/hacktivity?collaboration_only=false&filter=type:hacker-published&followed_only=false&order_direction=DESC&order_field=latest_disclosable_activity_at&querystring!
No CVEs found at https://hackerone.com/ibm/hacktivity!
No CVEs found at https://portal.microfocus.com/s/customportalsearch?language=en_US!
No CVEs found at https://portal.nutanix.com/page/documents/security-advisories/list!
No CVEs found at https://support.blackberry.com/kb!
No CVEs found at https://support.hpe.com/connect/s/securitybulletinlibrary?language=en_US!
No CVEs found at https://device.harmonyos.com/en/docs/security/update/security-bulletins-overview-0000001155006471!
No CVEs found at https://portswigger.net/daily-swig/vulnerabilities!
No CVEs found at https://support.lenovo.com/us/en/product_security/home!
Crawler error when parsing https://www.intel.com/content/www/us/en/security-center/default.html --> java.lang.NullPointerException
No CVEs found at https://www.intel.com/content/www/us/en/security-center/default.html!
No CVEs found at https://www.cloudbees.com/security-advisories!
No CVEs found at https://psirt.global.sonicwall.com/vuln-list!
No CVEs found at https://support.broadcom.com/web/ecx/search?aggregations=%5B%5D&exactPhrase&from=0&language=en&orderBy=desc&pageNo=1&pageSize=10&resultsPerPage=10&searchString=Security+Advisories&sortby=_score&state=1&suCaseCreate=false&uid=d042dbba-f8c4-11ea-beba-0242ac12000b&withOneOrMore&withoutTheWords!
No CVEs found at https://backstage.forgerock.com/knowledge/kb/book/b21824339!
No CVEs found at https://www.ivanti.com/blog/topics/security-advisory!
No CVEs found at https://baicells.zendesk.com/hc/en-us/sections/206436107-Security-Vulnerability-Notices!
No CVEs found at https://support.broadcom.com/web/ecx/search?aggregations=%5B%5D&exactPhrase&from=0&language=en&orderBy=desc&pageNo=1&pageSize=10&resultsPerPage=10&searchString=security+advisory+AND+CVE&sortby=_score&state=16&suCaseCreate=false&uid=d042dbba-f8c4-11ea-beba-0242ac12000b&withOneOrMore&withoutTheWords!
No CVEs found at https://support.broadcom.com/web/ecx/security-advisory!
No CVEs found at https://support.rhinomobility.com/security/releases!
Crawler error when parsing https://blog.assetnote.io/ --> java.lang.StringIndexOutOfBoundsException: begin 845, end 1445, length 1286
No CVEs found at https://blog.assetnote.io/!
No CVEs found at https://support.forcepoint.com/s/global-search/%40uri!
No CVEs found at https://wpscan.com/plugins!
No CVEs found at https://wpscan.com/themes!
No CVEs found at https://support.hp.com/us-en/security-bulletin-archive!
No CVEs found at https://support.hp.com/us-en/security-bulletins!
No CVEs found at https://www.controlgap.com/blog!
No CVEs found at https://wpscan.com/wordpresses!
No CVEs found at https://blog.cloudflare.com/searchresults/!
No CVEs found at https://support.pingidentity.com/s/global-search/%40uri!
No CVEs found at https://www.coresecurity.com/core-labs/advisories!
No CVEs found at https://www.broadcom.com/support/security-center/definitions?pid=5aa80d2f72a8e!
No CVEs found at https://www.broadcom.com/support/security-center/protection-bulletin!
No CVEs found at https://web.mit.edu/kerberos/historical.html!
No CVEs found at https://sec-consult.com/vulnerability-lab!
No CVEs found at https://blog.gl-inet.com/!
No CVEs found at https://www.atlassian.com/trust/security/advisories!
Crawler error when parsing https://www.lexmark.com/en_us/solutions/security/lexmark-security-advisories.html --> org.openqa.selenium.interactions.MoveTargetOutOfBoundsException: move target out of bounds
  (Session info: headless chrome=113.0.5672.127)
Build info: version: '4.8.1', revision: '8ebccac989'
System info: os.name: 'Windows 10', os.arch: 'amd64', os.version: '10.0', java.version: '13.0.2'
Driver info: org.openqa.selenium.chrome.ChromeDriver
Command: [e56e63ed9325d7d877b0505a56a0ff3f, actions {actions=[org.openqa.selenium.interactions.Sequence@2e6945af]}]
Capabilities {acceptInsecureCerts: false, browserName: chrome, browserVersion: 113.0.5672.127, chrome: {chromedriverVersion: 113.0.5672.63 (0e1a4471d5ae..., userDataDir: C:\Users\oompa\AppData\Loca...}, goog:chromeOptions: {debuggerAddress: localhost:52112}, networkConnectionEnabled: false, pageLoadStrategy: normal, platformName: WINDOWS, proxy: Proxy(), se:cdp: ws://localhost:52112/devtoo..., se:cdpVersion: 113.0.5672.127, setWindowRect: true, strictFileInteractability: false, timeouts: {implicit: 0, pageLoad: 300000, script: 30000}, unhandledPromptBehavior: dismiss and notify, webauthn:extension:credBlob: true, webauthn:extension:largeBlob: true, webauthn:extension:minPinLength: true, webauthn:extension:prf: true, webauthn:virtualAuthenticators: true}
Session ID: e56e63ed9325d7d877b0505a56a0ff3f
No CVEs found at https://www.lexmark.com/en_us/solutions/security/lexmark-security-advisories.html!
No CVEs found at https://www.atlassian.com/trust/security/advisory-publishing-policy!
No CVEs found at https://www.libreoffice.org/about-us/security/advisories!
Crawler error when parsing https://security-advisory.acronis.com/advisories --> java.lang.NullPointerException
No CVEs found at https://security-advisory.acronis.com/advisories!
Crawler error when parsing https://www.cisa.gov/known-exploited-vulnerabilities-catalog --> org.openqa.selenium.interactions.MoveTargetOutOfBoundsException: move target out of bounds
  (Session info: headless chrome=113.0.5672.127)
Build info: version: '4.8.1', revision: '8ebccac989'
System info: os.name: 'Windows 10', os.arch: 'amd64', os.version: '10.0', java.version: '13.0.2'
Driver info: org.openqa.selenium.chrome.ChromeDriver
Command: [354498cd658bbebd13a41d9f17d8283d, actions {actions=[org.openqa.selenium.interactions.Sequence@5605c0a6]}]
Capabilities {acceptInsecureCerts: false, browserName: chrome, browserVersion: 113.0.5672.127, chrome: {chromedriverVersion: 113.0.5672.63 (0e1a4471d5ae..., userDataDir: C:\Users\oompa\AppData\Loca...}, goog:chromeOptions: {debuggerAddress: localhost:52220}, networkConnectionEnabled: false, pageLoadStrategy: normal, platformName: WINDOWS, proxy: Proxy(), se:cdp: ws://localhost:52220/devtoo..., se:cdpVersion: 113.0.5672.127, setWindowRect: true, strictFileInteractability: false, timeouts: {implicit: 0, pageLoad: 300000, script: 30000}, unhandledPromptBehavior: dismiss and notify, webauthn:extension:credBlob: true, webauthn:extension:largeBlob: true, webauthn:extension:minPinLength: true, webauthn:extension:prf: true, webauthn:virtualAuthenticators: true}
Session ID: 354498cd658bbebd13a41d9f17d8283d
No CVEs found at https://www.cisa.gov/known-exploited-vulnerabilities-catalog!
No CVEs found at https://issues.apache.org/jira/browse/GROOVY-10594?jql=project%20%3D%20GROOVY%20AND%20resolution%20%3D%20Unresolved%20ORDER%20BY%20priority%20DESC%2C%20updated%20DESC!
No CVEs found at https://bugcrowd.com/crowdstream?filter=disclosures!
No CVEs found at https://jira.atlassian.com/projects/JRASERVER/issues!
No CVEs found at https://bugs.chromium.org/p/chromium/issues/list?can=1&q=Type%3DBug-Security!
No CVEs found at https://www.freebsd.org/!
Crawler error when parsing https://www.cryptnetix.com/ --> org.openqa.selenium.interactions.MoveTargetOutOfBoundsException: move target out of bounds
  (Session info: headless chrome=113.0.5672.127)
Build info: version: '4.8.1', revision: '8ebccac989'
System info: os.name: 'Windows 10', os.arch: 'amd64', os.version: '10.0', java.version: '13.0.2'
Driver info: org.openqa.selenium.chrome.ChromeDriver
Command: [b797a2358d8dbc0a39cb1e960a86b43b, actions {actions=[org.openqa.selenium.interactions.Sequence@787bd3d0]}]
Capabilities {acceptInsecureCerts: false, browserName: chrome, browserVersion: 113.0.5672.127, chrome: {chromedriverVersion: 113.0.5672.63 (0e1a4471d5ae..., userDataDir: C:\Users\oompa\AppData\Loca...}, goog:chromeOptions: {debuggerAddress: localhost:52349}, networkConnectionEnabled: false, pageLoadStrategy: normal, platformName: WINDOWS, proxy: Proxy(), se:cdp: ws://localhost:52349/devtoo..., se:cdpVersion: 113.0.5672.127, setWindowRect: true, strictFileInteractability: false, timeouts: {implicit: 0, pageLoad: 300000, script: 30000}, unhandledPromptBehavior: dismiss and notify, webauthn:extension:credBlob: true, webauthn:extension:largeBlob: true, webauthn:extension:minPinLength: true, webauthn:extension:prf: true, webauthn:virtualAuthenticators: true}
Session ID: b797a2358d8dbc0a39cb1e960a86b43b
No CVEs found at https://www.cryptnetix.com/!
No CVEs found at https://www.mautic.org/tag/security-announcement!
No CVEs found at https://www.meinbergglobal.com/english/company/news.htm!
No CVEs found at https://kb.isc.org/docs/aa-01020!
No CVEs found at https://bugs.eclipse.org/bugs/buglist.cgi?quicksearch=cve!
Crawler error when parsing https://www.mitel.com/support/security-advisories --> org.openqa.selenium.interactions.MoveTargetOutOfBoundsException: move target out of bounds
  (Session info: headless chrome=113.0.5672.127)
Build info: version: '4.8.1', revision: '8ebccac989'
System info: os.name: 'Windows 10', os.arch: 'amd64', os.version: '10.0', java.version: '13.0.2'
Driver info: org.openqa.selenium.chrome.ChromeDriver
Command: [c87031d0173607fca2b9fd138ca9abdc, actions {actions=[org.openqa.selenium.interactions.Sequence@240ba9ee]}]
Capabilities {acceptInsecureCerts: false, browserName: chrome, browserVersion: 113.0.5672.127, chrome: {chromedriverVersion: 113.0.5672.63 (0e1a4471d5ae..., userDataDir: C:\Users\oompa\AppData\Loca...}, goog:chromeOptions: {debuggerAddress: localhost:52424}, networkConnectionEnabled: false, pageLoadStrategy: normal, platformName: WINDOWS, proxy: Proxy(), se:cdp: ws://localhost:52424/devtoo..., se:cdpVersion: 113.0.5672.127, setWindowRect: true, strictFileInteractability: false, timeouts: {implicit: 0, pageLoad: 300000, script: 30000}, unhandledPromptBehavior: dismiss and notify, webauthn:extension:credBlob: true, webauthn:extension:largeBlob: true, webauthn:extension:minPinLength: true, webauthn:extension:prf: true, webauthn:virtualAuthenticators: true}
Session ID: c87031d0173607fca2b9fd138ca9abdc
No CVEs found at https://www.mitel.com/support/security-advisories!
No CVEs found at https://bugzilla.redhat.com/buglist.cgi?component=vulnerability&product=Security%20Response!
No CVEs found at https://www.uipath.com/legal/trust-and-security/security-advisories!
No CVEs found at https://www.mitsubishielectric.com/en/psirt/vulnerability/index.html!
No CVEs found at https://www.dahuasecurity.com/support/cybersecurity/annoucementNotice!
No CVEs found at https://www.unisoc.com/en_us/secy/announcement!
No CVEs found at https://www.puppet.com/security!
No CVEs found at https://duo.com/labs/psa!
No CVEs found at https://www.dell.com/support/security/en-us!
No CVEs found at https://www.veritas.com/content/support/en_US/security!
No CVEs found at https://www.vivo.com/en/support/security-advisory!
No CVEs found at https://www.redteam-pentesting.de/en/advisories/-advisories-publicised-vulnerability-analyses!
No CVEs found at https://bulletin.iese.de/!
No CVEs found at https://enterprise.github.com/releases!
No CVEs found at https://www.whatsapp.com/security/advisories!
No CVEs found at https://labs.withsecure.com/advisories!
No CVEs found at https://www.dlink.com/en/security-bulletin!
No CVEs found at https://www.ncsc.nl/actueel/beveiligingsadviezen!
No CVEs found at https://www.dotcms.com/docs/latest/known-security-issues!
No CVEs found at https://support.servicenow.com/kb?id=kb_article_view&sysparm_article=KB1226057!
No CVEs found at https://security.gentoo.org/glsa!
No CVEs found at https://www.netrise.io/security/advisories!
Crawler error when parsing https://support1.cloverdx.com/hc/en-us/articles/360021006240-Security-advisories --> org.openqa.selenium.interactions.MoveTargetOutOfBoundsException: move target out of bounds
  (Session info: headless chrome=113.0.5672.127)
Build info: version: '4.8.1', revision: '8ebccac989'
System info: os.name: 'Windows 10', os.arch: 'amd64', os.version: '10.0', java.version: '13.0.2'
Driver info: org.openqa.selenium.chrome.ChromeDriver
Command: [a561231069fa07b22fac36cb38a68f44, actions {actions=[org.openqa.selenium.interactions.Sequence@3d978206]}]
Capabilities {acceptInsecureCerts: false, browserName: chrome, browserVersion: 113.0.5672.127, chrome: {chromedriverVersion: 113.0.5672.63 (0e1a4471d5ae..., userDataDir: C:\Users\oompa\AppData\Loca...}, goog:chromeOptions: {debuggerAddress: localhost:53053}, networkConnectionEnabled: false, pageLoadStrategy: normal, platformName: WINDOWS, proxy: Proxy(), se:cdp: ws://localhost:53053/devtoo..., se:cdpVersion: 113.0.5672.127, setWindowRect: true, strictFileInteractability: false, timeouts: {implicit: 0, pageLoad: 300000, script: 30000}, unhandledPromptBehavior: dismiss and notify, webauthn:extension:credBlob: true, webauthn:extension:largeBlob: true, webauthn:extension:minPinLength: true, webauthn:extension:prf: true, webauthn:virtualAuthenticators: true}
Session ID: a561231069fa07b22fac36cb38a68f44
No CVEs found at https://support1.cloverdx.com/hc/en-us/articles/360021006240-Security-advisories!
No CVEs found at https://security.nozominetworks.com/!
No CVEs found at https://www.ea.com/security/advisories!
No CVEs found at https://www.samba.org/samba/history/security.html!
No CVEs found at https://security.openstack.org/ossalist.html!
Crawler error when parsing https://line.github.io/security-advisory-blog/advisory --> java.lang.StringIndexOutOfBoundsException: begin -104, end 496, length 2589
No CVEs found at https://line.github.io/security-advisory-blog/advisory!
No CVEs found at https://www.netscout.com/securityadvisories!
No CVEs found at https://www.withsecure.com/en/support/security-advisories!
No CVEs found at https://www.netskope.com/company/security-compliance-and-assurance/security-advisories-and-disclosures!
No CVEs found at https://security.oppo.com/en/mend!
No CVEs found at https://security.salesforce.com/security-advisories!
No CVEs found at https://talosintelligence.com/vulnerability_reports!
No CVEs found at https://tomcat.apache.org/security!
No CVEs found at https://security.snyk.io/disclosed-vulnerabilities!
No CVEs found at https://cloud.google.com/support/bulletins!
No CVEs found at https://www.se.com/ww/en/work/support/cybersecurity/security-notifications.jsp!
Crawler error when parsing https://lucabarile.github.io/Blog/blog.html --> java.lang.StringIndexOutOfBoundsException: begin -287, end 313, length 4202
No CVEs found at https://lucabarile.github.io/Blog/blog.html!
No CVEs found at https://trust.mi.com/misrc/bulletins?tab=advisory!
Crawler error when parsing https://global.medtronic.com/xg-en/product-security/security-bulletins.html --> org.openqa.selenium.ElementNotInteractableException: element not interactable
  (Session info: headless chrome=113.0.5672.127)
Build info: version: '4.8.1', revision: '8ebccac989'
System info: os.name: 'Windows 10', os.arch: 'amd64', os.version: '10.0', java.version: '13.0.2'
Driver info: org.openqa.selenium.chrome.ChromeDriver
Command: [bc0d6be88c9c456b9b63be2f88806321, clickElement {id=0C24C9B2E074683ADE00D30A1B4D2AD1_element_21}]
Capabilities {acceptInsecureCerts: false, browserName: chrome, browserVersion: 113.0.5672.127, chrome: {chromedriverVersion: 113.0.5672.63 (0e1a4471d5ae..., userDataDir: C:\Users\oompa\AppData\Loca...}, goog:chromeOptions: {debuggerAddress: localhost:53376}, networkConnectionEnabled: false, pageLoadStrategy: normal, platformName: WINDOWS, proxy: Proxy(), se:cdp: ws://localhost:53376/devtoo..., se:cdpVersion: 113.0.5672.127, setWindowRect: true, strictFileInteractability: false, timeouts: {implicit: 0, pageLoad: 300000, script: 30000}, unhandledPromptBehavior: dismiss and notify, webauthn:extension:credBlob: true, webauthn:extension:largeBlob: true, webauthn:extension:minPinLength: true, webauthn:extension:prf: true, webauthn:virtualAuthenticators: true}
Element: [[ChromeDriver: chrome on WINDOWS (bc0d6be88c9c456b9b63be2f88806321)] -> xpath: //button[text()='Agree' or text()='Accept' or text()='Accept Cookies' or text()='Accept all']]
Session ID: bc0d6be88c9c456b9b63be2f88806321
No CVEs found at https://global.medtronic.com/xg-en/product-security/security-bulletins.html!
No CVEs found at https://www.zscaler.com/security-advisories!
No CVEs found at https://trust.zscaler.com/security-advisories!
No CVEs found at https://github.com/CISecurity/OVALRepo!
No CVEs found at https://moodle.org/mod/forum/view.php?id=7128!
Crawler error when parsing https://www.shopbeat.co.za/security_advisory_location.html --> java.lang.StringIndexOutOfBoundsException: begin -48, end 552, length 1011
No CVEs found at https://www.shopbeat.co.za/security_advisory_location.html!
Crawler error when parsing https://msrc.microsoft.com/update-guide/vulnerability --> java.lang.NullPointerException
No CVEs found at https://msrc.microsoft.com/update-guide/vulnerability!
No CVEs found at https://typo3.org/help/security-advisories!
No CVEs found at https://www.emerson.com/en-us/support/security-notifications!
No CVEs found at https://www.sk-cert.sk/threat/index.html!
No CVEs found at https://www.facebook.com/security!
No CVEs found at https://community.f5.com/t5/technical-articles/tkb-p/TechnicalArticles!
Crawler error when parsing https://new.siemens.com/global/en/products/services/cert.html --> org.openqa.selenium.TimeoutException: Expected condition failed: waiting for element to be clickable: [[ChromeDriver: chrome on WINDOWS (97250299553beac410b34aaacc780cd4)] -> xpath: //tr[td//text()[contains(.,'CVE-2022-0778')]]] (tried for 5 second(s) with 500 milliseconds interval)
Build info: version: '4.8.1', revision: '8ebccac989'
System info: os.name: 'Windows 10', os.arch: 'amd64', os.version: '10.0', java.version: '13.0.2'
Driver info: org.openqa.selenium.chrome.ChromeDriver
Capabilities {acceptInsecureCerts: false, browserName: chrome, browserVersion: 113.0.5672.127, chrome: {chromedriverVersion: 113.0.5672.63 (0e1a4471d5ae..., userDataDir: C:\Users\oompa\AppData\Loca...}, goog:chromeOptions: {debuggerAddress: localhost:53647}, networkConnectionEnabled: false, pageLoadStrategy: normal, platformName: WINDOWS, proxy: Proxy(), se:cdp: ws://localhost:53647/devtoo..., se:cdpVersion: 113.0.5672.127, setWindowRect: true, strictFileInteractability: false, timeouts: {implicit: 0, pageLoad: 300000, script: 30000}, unhandledPromptBehavior: dismiss and notify, webauthn:extension:credBlob: true, webauthn:extension:largeBlob: true, webauthn:extension:minPinLength: true, webauthn:extension:prf: true, webauthn:virtualAuthenticators: true}
Session ID: 97250299553beac410b34aaacc780cd4
No CVEs found at https://new.siemens.com/global/en/products/services/cert.html!
No CVEs found at https://zammad.com/en/advisories!
No CVEs found at https://github.com/CISecurity/OVALRepo/actions!
No CVEs found at https://security.snyk.io/!
No CVEs found at https://www.foxit.com/resources/datasheets.html?tab=foxit-esign!
No CVEs found at https://www.foxit.com/resources/whitepapers.html!
No CVEs found at https://www.foxit.com/company/contact.html!
No CVEs found at https://gsmcnamara.github.io/CVE/disclosures/!
No CVEs found at https://www.apache.org/foundation/sponsorship.html!
No CVEs found at https://www.apache.org/foundation/conferences.html!
No CVEs found at https://www.apache.org/foundation/marks/!
No CVEs found at https://ntware.atlassian.net/wiki!
No CVEs found at https://www.sierrawireless.com/company/iot-device-security/security-bulletins!
No CVEs found at https://www.foxit.com/support/responsible-disclosure-policy.html!
No CVEs found at https://www.foxit.com/pdf-editor/!
Crawler error when parsing https://vaadin.com/security --> org.openqa.selenium.interactions.MoveTargetOutOfBoundsException: move target out of bounds
  (Session info: headless chrome=113.0.5672.127)
Build info: version: '4.8.1', revision: '8ebccac989'
System info: os.name: 'Windows 10', os.arch: 'amd64', os.version: '10.0', java.version: '13.0.2'
Driver info: org.openqa.selenium.chrome.ChromeDriver
Command: [8e0d85b50294c25788175845d8fb5675, actions {actions=[org.openqa.selenium.interactions.Sequence@50e44d3d]}]
Capabilities {acceptInsecureCerts: false, browserName: chrome, browserVersion: 113.0.5672.127, chrome: {chromedriverVersion: 113.0.5672.63 (0e1a4471d5ae..., userDataDir: C:\Users\oompa\AppData\Loca...}, goog:chromeOptions: {debuggerAddress: localhost:54845}, networkConnectionEnabled: false, pageLoadStrategy: normal, platformName: WINDOWS, proxy: Proxy(), se:cdp: ws://localhost:54845/devtoo..., se:cdpVersion: 113.0.5672.127, setWindowRect: true, strictFileInteractability: false, timeouts: {implicit: 0, pageLoad: 300000, script: 30000}, unhandledPromptBehavior: dismiss and notify, webauthn:extension:credBlob: true, webauthn:extension:largeBlob: true, webauthn:extension:minPinLength: true, webauthn:extension:prf: true, webauthn:virtualAuthenticators: true}
Session ID: 8e0d85b50294c25788175845d8fb5675
No CVEs found at https://vaadin.com/security!
No CVEs found at https://github.com/CISecurity/OVALRepo/security!
No CVEs found at https://www.foxit.com/individuals/!
No CVEs found at https://www.foxit.com/products/volume.html!
No CVEs found at https://vulncheck.com/advisories!
No CVEs found at https://www.foxit.com/support/tutorial.html!
No CVEs found at https://www.foxit.com/pdf-editor/advanced-editing/!
No CVEs found at https://www.foxit.com/infographics/!
No CVEs found at https://www.strongdm.com/security/advisories!
No CVEs found at https://github.com/pricing!
No CVEs found at https://www.foxit.com/pdf-editor/merge-split-pdf/!
No CVEs found at https://www.foxit.com/resources/webinar.html?tab=foxit-esign!
No CVEs found at https://www.foxit.com/company/press.html!
No CVEs found at https://www.foxit.com/company/about.html!
No CVEs found at https://github.com/trending!
No CVEs found at https://www.foxit.com/enterprise-automation/!
No CVEs found at https://www.foxit.com/support/refund-policy.html!
No CVEs found at https://www.foxit.com/pdf-to-word/!
No CVEs found at https://www.synaptics.com/company/blog!
No CVEs found at https://www.foxit.com/resources/webinar.html!
No CVEs found at https://www.synology.com/en-global/security/advisory!
No CVEs found at https://www.foxit.com/merge-pdf/!
No CVEs found at https://www.foxit.com/ppt-to-pdf/!
No CVEs found at https://www.foxit.com/word-to-pdf/!
No CVEs found at https://www.foxit.com/solution/legal/!
No CVEs found at https://www.anquanke.com/search?s=CVE!
No CVEs found at https://www.foxit.com/downloads/!
No CVEs found at https://www.foxit.com/resources/casestudy.html!
No CVEs found at https://www.foxit.com/excel-to-pdf/!
No CVEs found at https://www.foxit.com/pdf-editor/addons.html!
No CVEs found at https://www.foxit.com/teams/!
No CVEs found at https://www.foxit.com/!
No CVEs found at https://github.com/features/code-review!
No CVEs found at https://www.foxit.com/resources/datasheets.html!
No CVEs found at https://github.com/enterprise!
No CVEs found at https://www.foxit.com/pdf-editor/protect-sign-pdf/!
No CVEs found at https://www.foxit.com/company/imprint.html!
No CVEs found at https://www.foxit.com/pdf-reader/!
No CVEs found at https://www.foxit.com/solution/insurance/!
No CVEs found at https://github.com/features!
No CVEs found at https://www.foxit.com/resources/videos.html!
No CVEs found at https://www.foxit.com/company/partner-channel.html!
No CVEs found at https://www.foxit.com/solution/accessibility/!
No CVEs found at https://www.foxit.com/pdf-to-excel/!
No CVEs found at https://www.foxit.com/support/export-information.html!
No CVEs found at https://github.com/readme!
No CVEs found at https://www.foxit.com/product/terms-of-service.html!
No CVEs found at https://github.com/features/issues!
No CVEs found at https://www.foxit.com/edu/!
No CVEs found at https://www.foxit.com/products/pds/!
Crawler error when parsing https://www.foxit.com/pdf-converter/ --> org.openqa.selenium.NoSuchWindowException: no such window: target window already closed
from unknown error: web view not found
  (Session info: headless chrome=113.0.5672.127)
Build info: version: '4.8.1', revision: '8ebccac989'
System info: os.name: 'Windows 10', os.arch: 'amd64', os.version: '10.0', java.version: '13.0.2'
Driver info: org.openqa.selenium.chrome.ChromeDriver
Command: [3255ad52755c60e01fb32eea399742f7, findElement {using=xpath, value=//button[text()='Agree' or text()='Accept' or text()='Accept Cookies' or text()='Accept all']}]
Capabilities {acceptInsecureCerts: false, browserName: chrome, browserVersion: 113.0.5672.127, chrome: {chromedriverVersion: 113.0.5672.63 (0e1a4471d5ae..., userDataDir: C:\Users\oompa\AppData\Loca...}, goog:chromeOptions: {debuggerAddress: localhost:60367}, networkConnectionEnabled: false, pageLoadStrategy: normal, platformName: WINDOWS, proxy: Proxy(), se:cdp: ws://localhost:60367/devtoo..., se:cdpVersion: 113.0.5672.127, setWindowRect: true, strictFileInteractability: false, timeouts: {implicit: 0, pageLoad: 300000, script: 30000}, unhandledPromptBehavior: dismiss and notify, webauthn:extension:credBlob: true, webauthn:extension:largeBlob: true, webauthn:extension:minPinLength: true, webauthn:extension:prf: true, webauthn:virtualAuthenticators: true}
Session ID: 3255ad52755c60e01fb32eea399742f7
No CVEs found at https://www.foxit.com/pdf-converter/!
Crawler error when parsing https://github.com/CISecurity/OVALRepo/blob/master/repository/definitions/vulnerability/oval_org.cisecurity_def_1063.xml --> org.openqa.selenium.SessionNotCreatedException: Could not start a new session. Possible causes are invalid address of the remote server or browser start-up failure. 
Host info: host: 'MEME_MACHINE', ip: '192.168.1.108'
No CVEs found at https://github.com/CISecurity/OVALRepo/blob/master/repository/definitions/vulnerability/oval_org.cisecurity_def_1063.xml!
Crawler error when parsing https://github.com/CISecurity/OVALRepo/blob/master/repository/definitions/vulnerability/oval_org.cisecurity_def_1693.xml --> org.openqa.selenium.SessionNotCreatedException: Could not start a new session. Possible causes are invalid address of the remote server or browser start-up failure. 
Host info: host: 'MEME_MACHINE', ip: '192.168.1.108'
No CVEs found at https://github.com/CISecurity/OVALRepo/blob/master/repository/definitions/vulnerability/oval_org.cisecurity_def_1693.xml!
Crawler error when parsing https://github.com/CISecurity/OVALRepo/blob/master/repository/definitions/vulnerability/oval_org.cisecurity_def_1425.xml --> java.lang.NullPointerException
No CVEs found at https://github.com/CISecurity/OVALRepo/blob/master/repository/definitions/vulnerability/oval_org.cisecurity_def_1425.xml!
Crawler error when parsing https://github.com/CISecurity/OVALRepo/blob/master/repository/definitions/vulnerability/oval_org.cisecurity_def_1524.xml --> org.openqa.selenium.SessionNotCreatedException: Could not start a new session. Response code 500. Message: unknown error: Chrome failed to start: crashed.
  (unknown error: DevToolsActivePort file doesn't exist)
  (The process started from chrome location C:\Program Files\Google\Chrome\Application\chrome.exe is no longer running, so ChromeDriver is assuming that Chrome has crashed.) 
Host info: host: 'MEME_MACHINE', ip: '192.168.1.108'
Build info: version: '4.8.1', revision: '8ebccac989'
System info: os.name: 'Windows 10', os.arch: 'amd64', os.version: '10.0', java.version: '13.0.2'
Driver info: org.openqa.selenium.chrome.ChromeDriver
Command: [null, newSession {capabilities=[Capabilities {browserName: chrome, goog:chromeOptions: {args: [--headless, --user-agent=Mozilla/5.0, --remote-allow-origins=*, --enable-javascript], extensions: []}}], desiredCapabilities=Capabilities {browserName: chrome, goog:chromeOptions: {args: [--headless, --user-agent=Mozilla/5.0, --remote-allow-origins=*, --enable-javascript], extensions: []}}}]
No CVEs found at https://github.com/CISecurity/OVALRepo/blob/master/repository/definitions/vulnerability/oval_org.cisecurity_def_1524.xml!
No CVEs found at https://github.com/solutions/ci-cd/!
Crawler error when parsing https://github.com/CISecurity/OVALRepo/blob/master/repository/definitions/vulnerability/oval_org.cisecurity_def_1729.xml --> org.openqa.selenium.SessionNotCreatedException: Could not start a new session. Response code 500. Message: unknown error: Chrome failed to start: crashed.
  (unknown error: DevToolsActivePort file doesn't exist)
  (The process started from chrome location C:\Program Files\Google\Chrome\Application\chrome.exe is no longer running, so ChromeDriver is assuming that Chrome has crashed.) 
Host info: host: 'MEME_MACHINE', ip: '192.168.1.108'
Build info: version: '4.8.1', revision: '8ebccac989'
System info: os.name: 'Windows 10', os.arch: 'amd64', os.version: '10.0', java.version: '13.0.2'
Driver info: org.openqa.selenium.chrome.ChromeDriver
Command: [null, newSession {capabilities=[Capabilities {browserName: chrome, goog:chromeOptions: {args: [--headless, --user-agent=Mozilla/5.0, --remote-allow-origins=*, --enable-javascript], extensions: []}}], desiredCapabilities=Capabilities {browserName: chrome, goog:chromeOptions: {args: [--headless, --user-agent=Mozilla/5.0, --remote-allow-origins=*, --enable-javascript], extensions: []}}}]
No CVEs found at https://github.com/CISecurity/OVALRepo/blob/master/repository/definitions/vulnerability/oval_org.cisecurity_def_1729.xml!
Crawler error when parsing https://github.com/CISecurity/OVALRepo/blob/master/repository/definitions/vulnerability/oval_org.cisecurity_def_1568.xml --> org.openqa.selenium.SessionNotCreatedException: Could not start a new session. Response code 500. Message: tab crashed
  (Session info: headless chrome=113.0.5672.127) 
Host info: host: 'MEME_MACHINE', ip: '192.168.1.108'
Build info: version: '4.8.1', revision: '8ebccac989'
System info: os.name: 'Windows 10', os.arch: 'amd64', os.version: '10.0', java.version: '13.0.2'
Driver info: org.openqa.selenium.chrome.ChromeDriver
Command: [null, newSession {capabilities=[Capabilities {browserName: chrome, goog:chromeOptions: {args: [--headless, --user-agent=Mozilla/5.0, --remote-allow-origins=*, --enable-javascript], extensions: []}}], desiredCapabilities=Capabilities {browserName: chrome, goog:chromeOptions: {args: [--headless, --user-agent=Mozilla/5.0, --remote-allow-origins=*, --enable-javascript], extensions: []}}}]
No CVEs found at https://github.com/CISecurity/OVALRepo/blob/master/repository/definitions/vulnerability/oval_org.cisecurity_def_1568.xml!
Crawler error when parsing https://github.com/CISecurity/OVALRepo/blob/master/repository/definitions/vulnerability/oval_org.cisecurity_def_1551.xml --> org.openqa.selenium.SessionNotCreatedException: Could not start a new session. Response code 500. Message: unknown error: Chrome failed to start: crashed.
  (unknown error: DevToolsActivePort file doesn't exist)
  (The process started from chrome location C:\Program Files\Google\Chrome\Application\chrome.exe is no longer running, so ChromeDriver is assuming that Chrome has crashed.) 
Host info: host: 'MEME_MACHINE', ip: '192.168.1.108'
Build info: version: '4.8.1', revision: '8ebccac989'
System info: os.name: 'Windows 10', os.arch: 'amd64', os.version: '10.0', java.version: '13.0.2'
Driver info: org.openqa.selenium.chrome.ChromeDriver
Command: [null, newSession {capabilities=[Capabilities {browserName: chrome, goog:chromeOptions: {args: [--headless, --user-agent=Mozilla/5.0, --remote-allow-origins=*, --enable-javascript], extensions: []}}], desiredCapabilities=Capabilities {browserName: chrome, goog:chromeOptions: {args: [--headless, --user-agent=Mozilla/5.0, --remote-allow-origins=*, --enable-javascript], extensions: []}}}]
No CVEs found at https://github.com/CISecurity/OVALRepo/blob/master/repository/definitions/vulnerability/oval_org.cisecurity_def_1551.xml!
Crawler error when parsing https://github.com/CISecurity/OVALRepo/blob/master/repository/definitions/vulnerability/oval_org.cisecurity_def_1069.xml --> org.openqa.selenium.SessionNotCreatedException: Could not start a new session. Response code 500. Message: unknown error: unable to discover open pages 
Host info: host: 'MEME_MACHINE', ip: '192.168.1.108'
Build info: version: '4.8.1', revision: '8ebccac989'
System info: os.name: 'Windows 10', os.arch: 'amd64', os.version: '10.0', java.version: '13.0.2'
Driver info: org.openqa.selenium.chrome.ChromeDriver
Command: [null, newSession {capabilities=[Capabilities {browserName: chrome, goog:chromeOptions: {args: [--headless, --user-agent=Mozilla/5.0, --remote-allow-origins=*, --enable-javascript], extensions: []}}], desiredCapabilities=Capabilities {browserName: chrome, goog:chromeOptions: {args: [--headless, --user-agent=Mozilla/5.0, --remote-allow-origins=*, --enable-javascript], extensions: []}}}]
No CVEs found at https://github.com/CISecurity/OVALRepo/blob/master/repository/definitions/vulnerability/oval_org.cisecurity_def_1069.xml!
Crawler error when parsing https://github.com/CISecurity/OVALRepo/blob/master/repository/definitions/vulnerability/oval_org.cisecurity_def_1579.xml --> org.openqa.selenium.SessionNotCreatedException: Could not start a new session. Response code 500. Message: unknown error: unable to discover open pages 
Host info: host: 'MEME_MACHINE', ip: '192.168.1.108'
Build info: version: '4.8.1', revision: '8ebccac989'
System info: os.name: 'Windows 10', os.arch: 'amd64', os.version: '10.0', java.version: '13.0.2'
Driver info: org.openqa.selenium.chrome.ChromeDriver
Command: [null, newSession {capabilities=[Capabilities {browserName: chrome, goog:chromeOptions: {args: [--headless, --user-agent=Mozilla/5.0, --remote-allow-origins=*, --enable-javascript], extensions: []}}], desiredCapabilities=Capabilities {browserName: chrome, goog:chromeOptions: {args: [--headless, --user-agent=Mozilla/5.0, --remote-allow-origins=*, --enable-javascript], extensions: []}}}]
No CVEs found at https://github.com/CISecurity/OVALRepo/blob/master/repository/definitions/vulnerability/oval_org.cisecurity_def_1579.xml!
Crawler error when parsing https://github.com/CISecurity/OVALRepo/blob/master/repository/definitions/vulnerability/oval_org.cisecurity_def_1286.xml --> org.openqa.selenium.SessionNotCreatedException: Could not start a new session. Response code 500. Message: unknown error: Failed to create Chrome process. 
Host info: host: 'MEME_MACHINE', ip: '192.168.1.108'
Build info: version: '4.8.1', revision: '8ebccac989'
System info: os.name: 'Windows 10', os.arch: 'amd64', os.version: '10.0', java.version: '13.0.2'
Driver info: org.openqa.selenium.chrome.ChromeDriver
Command: [null, newSession {capabilities=[Capabilities {browserName: chrome, goog:chromeOptions: {args: [--headless, --user-agent=Mozilla/5.0, --remote-allow-origins=*, --enable-javascript], extensions: []}}], desiredCapabilities=Capabilities {browserName: chrome, goog:chromeOptions: {args: [--headless, --user-agent=Mozilla/5.0, --remote-allow-origins=*, --enable-javascript], extensions: []}}}]
No CVEs found at https://github.com/CISecurity/OVALRepo/blob/master/repository/definitions/vulnerability/oval_org.cisecurity_def_1286.xml!
